Go PDF Service (gorod) Headers:
===============================
HTTP/1.1 200 OK
Content-Length: 43951
Content-Type: application/pdf
X-Browser-Product: Chrome/141.0.7378.4
X-Browser-Protocolversion: 1.3
X-Browser-Revision: @e6c0fee546ab31f9b21af777cb3083143551ab0f
Date: Wed, 03 Sep 2025 20:16:12 GMT



Performance Metrics:
===================
Container image size: 367MB
Average startup time: 250ms (10 iterations)
Memory usage (before load test): 236MB
Memory usage (after single PDF): 341MB
Memory increase from single PDF: +105MB


Load Test Results:
==================
Running 300s test @ http://127.0.0.1:5012/pdf
3 connections with 3 pipelining factor


┌─────────┬───────┬────────┬────────┬────────┬───────────┬───────────┬─────────┐
│ Stat    │ 2.5%  │ 50%    │ 97.5%  │ 99%    │ Avg       │ Stdev     │ Max     │
├─────────┼───────┼────────┼────────┼────────┼───────────┼───────────┼─────────┤
│ Latency │ 14 ms │ 274 ms │ 623 ms │ 644 ms │ 296.82 ms │ 186.95 ms │ 1173 ms │
└─────────┴───────┴────────┴────────┴────────┴───────────┴───────────┴─────────┘
┌───────────┬────────┬────────┬────────┬────────┬────────┬─────────┬─────────┐
│ Stat      │ 1%     │ 2.5%   │ 50%    │ 97.5%  │ Avg    │ Stdev   │ Min     │
├───────────┼────────┼────────┼────────┼────────┼────────┼─────────┼─────────┤
│ Req/Sec   │ 3      │ 3      │ 3      │ 3      │ 3      │ 0.17    │ 1       │
├───────────┼────────┼────────┼────────┼────────┼────────┼─────────┼─────────┤
│ Bytes/Sec │ 131 kB │ 132 kB │ 148 kB │ 155 kB │ 149 kB │ 10.6 kB │ 43.7 kB │
└───────────┴────────┴────────┴────────┴────────┴────────┴─────────┴─────────┘

Req/Bytes counts sampled once per second.
# of samples: 300

┌────────────┬──────────────┐
│ Percentile │ Latency (ms) │
├────────────┼──────────────┤
│ 0.001      │ 1            │
├────────────┼──────────────┤
│ 0.01       │ 1            │
├────────────┼──────────────┤
│ 0.1        │ 1            │
├────────────┼──────────────┤
│ 1          │ 6            │
├────────────┼──────────────┤
│ 2.5        │ 14           │
├────────────┼──────────────┤
│ 10         │ 55           │
├────────────┼──────────────┤
│ 25         │ 136          │
├────────────┼──────────────┤
│ 50         │ 274          │
├────────────┼──────────────┤
│ 75         │ 455          │
├────────────┼──────────────┤
│ 90         │ 564          │
├────────────┼──────────────┤
│ 97.5       │ 623          │
├────────────┼──────────────┤
│ 99         │ 644          │
├────────────┼──────────────┤
│ 99.9       │ 921          │
├────────────┼──────────────┤
│ 99.99      │ 1138         │
├────────────┼──────────────┤
│ 99.999     │ 1169         │
└────────────┴──────────────┘

909 requests in 300.52s, 44.7 MB read

Memory usage (after load test): 1024MB
Memory increase during load test: +788MB

