Go PDF Service (custom) Headers:
================================
HTTP/1.1 200 OK
Content-Length: 51388
Content-Type: application/pdf
X-Browser-Product: Chrome/141.0.7378.4
X-Browser-Protocolversion: 1.3
X-Browser-Revision: @e6c0fee546ab31f9b21af777cb3083143551ab0f
Date: Wed, 03 Sep 2025 20:16:17 GMT



Performance Metrics:
===================
Container image size: 367MB
Average startup time: 236ms (10 iterations)
Memory usage (before load test): 200MB
Memory usage (after single PDF): 352MB
Memory increase from single PDF: +152MB


Load Test Results:
==================
Running 300s test @ http://127.0.0.1:5013/pdf
3 connections with 3 pipelining factor


┌─────────┬───────┬────────┬────────┬────────┬───────────┬───────────┬─────────┐
│ Stat    │ 2.5%  │ 50%    │ 97.5%  │ 99%    │ Avg       │ Stdev     │ Max     │
├─────────┼───────┼────────┼────────┼────────┼───────────┼───────────┼─────────┤
│ Latency │ 14 ms │ 272 ms │ 615 ms │ 636 ms │ 294.13 ms │ 185.73 ms │ 1159 ms │
└─────────┴───────┴────────┴────────┴────────┴───────────┴───────────┴─────────┘
┌───────────┬────────┬────────┬────────┬────────┬────────┬───────┬────────┐
│ Stat      │ 1%     │ 2.5%   │ 50%    │ 97.5%  │ Avg    │ Stdev │ Min    │
├───────────┼────────┼────────┼────────┼────────┼────────┼───────┼────────┤
│ Req/Sec   │ 3      │ 3      │ 3      │ 3      │ 3      │ 0.25  │ 3      │
├───────────┼────────┼────────┼────────┼────────┼────────┼───────┼────────┤
│ Bytes/Sec │ 131 kB │ 139 kB │ 148 kB │ 155 kB │ 149 kB │ 14 kB │ 131 kB │
└───────────┴────────┴────────┴────────┴────────┴────────┴───────┴────────┘

Req/Bytes counts sampled once per second.
# of samples: 300

┌────────────┬──────────────┐
│ Percentile │ Latency (ms) │
├────────────┼──────────────┤
│ 0.001      │ 1            │
├────────────┼──────────────┤
│ 0.01       │ 1            │
├────────────┼──────────────┤
│ 0.1        │ 1            │
├────────────┼──────────────┤
│ 1          │ 6            │
├────────────┼──────────────┤
│ 2.5        │ 14           │
├────────────┼──────────────┤
│ 10         │ 54           │
├────────────┼──────────────┤
│ 25         │ 135          │
├────────────┼──────────────┤
│ 50         │ 272          │
├────────────┼──────────────┤
│ 75         │ 450          │
├────────────┼──────────────┤
│ 90         │ 558          │
├────────────┼──────────────┤
│ 97.5       │ 615          │
├────────────┼──────────────┤
│ 99         │ 636          │
├────────────┼──────────────┤
│ 99.9       │ 983          │
├────────────┼──────────────┤
│ 99.99      │ 1128         │
├────────────┼──────────────┤
│ 99.999     │ 1155         │
└────────────┴──────────────┘

909 requests in 300.53s, 44.7 MB read

Memory usage (after load test): 1024MB
Memory increase during load test: +824MB

