Go PDF Service (chromedp) Headers:
==================================
HTTP/1.1 200 OK
Content-Length: 51388
Content-Type: application/pdf
X-Browser-Product: 1.3
X-Browser-Protocolversion: Chrome/141.0.7378.4
X-Browser-Revision: @e6c0fee546ab31f9b21af777cb3083143551ab0f
Date: Wed, 03 Sep 2025 20:16:15 GMT



Performance Metrics:
===================
Container image size: 367MB
Average startup time: 237ms (10 iterations)
Memory usage (before load test): 204MB
Memory usage (after single PDF): 363MB
Memory increase from single PDF: +159MB


Load Test Results:
==================
Running 300s test @ http://127.0.0.1:5011/pdf
3 connections with 3 pipelining factor


┌─────────┬───────┬────────┬────────┬────────┬───────────┬───────────┬─────────┐
│ Stat    │ 2.5%  │ 50%    │ 97.5%  │ 99%    │ Avg       │ Stdev     │ Max     │
├─────────┼───────┼────────┼────────┼────────┼───────────┼───────────┼─────────┤
│ Latency │ 17 ms │ 321 ms │ 636 ms │ 655 ms │ 323.92 ms │ 189.91 ms │ 1203 ms │
└─────────┴───────┴────────┴────────┴────────┴───────────┴───────────┴─────────┘
┌───────────┬────────┬────────┬────────┬────────┬────────┬─────────┬────────┐
│ Stat      │ 1%     │ 2.5%   │ 50%    │ 97.5%  │ Avg    │ Stdev   │ Min    │
├───────────┼────────┼────────┼────────┼────────┼────────┼─────────┼────────┤
│ Req/Sec   │ 3      │ 3      │ 3      │ 3      │ 3      │ 0.25    │ 3      │
├───────────┼────────┼────────┼────────┼────────┼────────┼─────────┼────────┤
│ Bytes/Sec │ 147 kB │ 147 kB │ 155 kB │ 155 kB │ 154 kB │ 12.8 kB │ 139 kB │
└───────────┴────────┴────────┴────────┴────────┴────────┴─────────┴────────┘

Req/Bytes counts sampled once per second.
# of samples: 300

┌────────────┬──────────────┐
│ Percentile │ Latency (ms) │
├────────────┼──────────────┤
│ 0.001      │ 1            │
├────────────┼──────────────┤
│ 0.01       │ 1            │
├────────────┼──────────────┤
│ 0.1        │ 1            │
├────────────┼──────────────┤
│ 1          │ 7            │
├────────────┼──────────────┤
│ 2.5        │ 17           │
├────────────┼──────────────┤
│ 10         │ 65           │
├────────────┼──────────────┤
│ 25         │ 161          │
├────────────┼──────────────┤
│ 50         │ 321          │
├────────────┼──────────────┤
│ 75         │ 485          │
├────────────┼──────────────┤
│ 90         │ 583          │
├────────────┼──────────────┤
│ 97.5       │ 636          │
├────────────┼──────────────┤
│ 99         │ 655          │
├────────────┼──────────────┤
│ 99.9       │ 969          │
├────────────┼──────────────┤
│ 99.99      │ 1146         │
├────────────┼──────────────┤
│ 99.999     │ 1198         │
└────────────┴──────────────┘

909 requests in 300.48s, 46.3 MB read

Memory usage (after load test): 1024MB
Memory increase during load test: +820MB

