Go PDF Service Headers:
=======================
HTTP/1.1 200 OK
Content-Length: 28005
Content-Type: application/pdf
X-Browser-Product: 1.3
X-Browser-Protocolversion: Chrome/141.0.7378.4
X-Browser-Revision: @e6c0fee546ab31f9b21af777cb3083143551ab0f
Date: Mon, 01 Sep 2025 14:36:12 GMT



Performance Metrics:
===================
Container image size: 360MB
Average startup time: 254ms (10 iterations)
Memory usage (before load test): 203MB
Memory usage (after single PDF): 383MB
Memory increase from single PDF: +180MB


Load Test Results:
==================
Running 300s test @ http://127.0.0.1:5011/pdf
3 connections with 3 pipelining factor


┌─────────┬───────┬─────────┬─────────┬─────────┬────────────┬───────────┬─────────┐
│ Stat    │ 2.5%  │ 50%     │ 97.5%   │ 99%     │ Avg        │ Stdev     │ Max     │
├─────────┼───────┼─────────┼─────────┼─────────┼────────────┼───────────┼─────────┤
│ Latency │ 61 ms │ 1216 ms │ 2375 ms │ 2415 ms │ 1217.05 ms │ 702.96 ms │ 2580 ms │
└─────────┴───────┴─────────┴─────────┴─────────┴────────────┴───────────┴─────────┘
┌───────────┬─────┬─────────┬─────────┬─────────┬─────────┬─────────┬─────────┐
│ Stat      │ 1%  │ 2.5%    │ 50%     │ 97.5%   │ Avg     │ Stdev   │ Min     │
├───────────┼─────┼─────────┼─────────┼─────────┼─────────┼─────────┼─────────┤
│ Req/Sec   │ 0   │ 1       │ 3       │ 3       │ 2.46    │ 0.76    │ 1       │
├───────────┼─────┼─────────┼─────────┼─────────┼─────────┼─────────┼─────────┤
│ Bytes/Sec │ 0 B │ 28.3 kB │ 84.8 kB │ 84.8 kB │ 69.4 kB │ 21.3 kB │ 28.3 kB │
└───────────┴─────┴─────────┴─────────┴─────────┴─────────┴─────────┴─────────┘

Req/Bytes counts sampled once per second.
# of samples: 300

┌────────────┬──────────────┐
│ Percentile │ Latency (ms) │
├────────────┼──────────────┤
│ 0.001      │ 1            │
├────────────┼──────────────┤
│ 0.01       │ 1            │
├────────────┼──────────────┤
│ 0.1        │ 3            │
├────────────┼──────────────┤
│ 1          │ 25           │
├────────────┼──────────────┤
│ 2.5        │ 61           │
├────────────┼──────────────┤
│ 10         │ 244          │
├────────────┼──────────────┤
│ 25         │ 608          │
├────────────┼──────────────┤
│ 50         │ 1216         │
├────────────┼──────────────┤
│ 75         │ 1824         │
├────────────┼──────────────┤
│ 90         │ 2191         │
├────────────┼──────────────┤
│ 97.5       │ 2375         │
├────────────┼──────────────┤
│ 99         │ 2415         │
├────────────┼──────────────┤
│ 99.9       │ 2481         │
├────────────┼──────────────┤
│ 99.99      │ 2531         │
├────────────┼──────────────┤
│ 99.999     │ 2563         │
└────────────┴──────────────┘

749 requests in 300.53s, 20.8 MB read

Memory usage (after load test): 1024MB
Memory increase during load test: +821MB

