Go PDF Service Headers:
=======================
HTTP/1.1 200 OK
Content-Length: 28005
Content-Type: application/pdf
X-Browser-Product: 1.3
X-Browser-Protocolversion: Chrome/141.0.7378.4
X-Browser-Revision: @e6c0fee546ab31f9b21af777cb3083143551ab0f
Date: Mon, 01 Sep 2025 14:29:30 GMT



Performance Metrics:
===================
Container image size: 360MB
Average startup time: 236ms (10 iterations)
Memory usage (before load test): 204MB
Memory usage (after single PDF): 383MB
Memory increase from single PDF: +179MB


Load Test Results:
==================
Running 300s test @ http://127.0.0.1:5011/pdf
3 connections with 3 pipelining factor


┌─────────┬───────┬─────────┬─────────┬─────────┬────────────┬───────────┬─────────┐
│ Stat    │ 2.5%  │ 50%     │ 97.5%   │ 99%     │ Avg        │ Stdev     │ Max     │
├─────────┼───────┼─────────┼─────────┼─────────┼────────────┼───────────┼─────────┤
│ Latency │ 62 ms │ 1225 ms │ 2391 ms │ 2431 ms │ 1225.55 ms │ 707.85 ms │ 2604 ms │
└─────────┴───────┴─────────┴─────────┴─────────┴────────────┴───────────┴─────────┘
┌───────────┬─────┬──────┬─────────┬─────────┬─────────┬─────────┬─────────┐
│ Stat      │ 1%  │ 2.5% │ 50%     │ 97.5%   │ Avg     │ Stdev   │ Min     │
├───────────┼─────┼──────┼─────────┼─────────┼─────────┼─────────┼─────────┤
│ Req/Sec   │ 0   │ 0    │ 3       │ 3       │ 2.44    │ 0.83    │ 1       │
├───────────┼─────┼──────┼─────────┼─────────┼─────────┼─────────┼─────────┤
│ Bytes/Sec │ 0 B │ 0 B  │ 84.8 kB │ 84.8 kB │ 68.9 kB │ 23.4 kB │ 28.3 kB │
└───────────┴─────┴──────┴─────────┴─────────┴─────────┴─────────┴─────────┘

Req/Bytes counts sampled once per second.
# of samples: 300

┌────────────┬──────────────┐
│ Percentile │ Latency (ms) │
├────────────┼──────────────┤
│ 0.001      │ 1            │
├────────────┼──────────────┤
│ 0.01       │ 1            │
├────────────┼──────────────┤
│ 0.1        │ 3            │
├────────────┼──────────────┤
│ 1          │ 25           │
├────────────┼──────────────┤
│ 2.5        │ 62           │
├────────────┼──────────────┤
│ 10         │ 245          │
├────────────┼──────────────┤
│ 25         │ 613          │
├────────────┼──────────────┤
│ 50         │ 1225         │
├────────────┼──────────────┤
│ 75         │ 1837         │
├────────────┼──────────────┤
│ 90         │ 2206         │
├────────────┼──────────────┤
│ 97.5       │ 2391         │
├────────────┼──────────────┤
│ 99         │ 2431         │
├────────────┼──────────────┤
│ 99.9       │ 2501         │
├────────────┼──────────────┤
│ 99.99      │ 2569         │
├────────────┼──────────────┤
│ 99.999     │ 2597         │
└────────────┴──────────────┘

744 requests in 300.57s, 20.7 MB read

Memory usage (after load test): 1024MB
Memory increase during load test: +820MB

