Go PDF Service Headers:
=======================
HTTP/1.1 200 OK
Content-Length: 28005
Content-Type: application/pdf
X-Browser-Product: 1.3
X-Browser-Protocolversion: Chrome/141.0.7378.4
X-Browser-Revision: @e6c0fee546ab31f9b21af777cb3083143551ab0f
Date: Sun, 31 Aug 2025 18:48:27 GMT



Performance Metrics:
===================
Container image size: 360MB
Average startup time: 238ms (10 iterations)
Memory usage (before load test): 205MB
Memory usage (after single PDF): 384MB
Memory increase from single PDF: +179MB


Load Test Results:
==================
Running 300s test @ http://127.0.0.1:5011/pdf
3 connections with 3 pipelining factor


┌─────────┬───────┬─────────┬─────────┬─────────┬────────────┬───────────┬─────────┐
│ Stat    │ 2.5%  │ 50%     │ 97.5%   │ 99%     │ Avg        │ Stdev     │ Max     │
├─────────┼───────┼─────────┼─────────┼─────────┼────────────┼───────────┼─────────┤
│ Latency │ 52 ms │ 1024 ms │ 1999 ms │ 2039 ms │ 1024.63 ms │ 591.74 ms │ 2198 ms │
└─────────┴───────┴─────────┴─────────┴─────────┴────────────┴───────────┴─────────┘
┌───────────┬─────────┬─────────┬─────────┬────────┬─────────┬─────────┬─────────┐
│ Stat      │ 1%      │ 2.5%    │ 50%     │ 97.5%  │ Avg     │ Stdev   │ Min     │
├───────────┼─────────┼─────────┼─────────┼────────┼─────────┼─────────┼─────────┤
│ Req/Sec   │ 1       │ 2       │ 3       │ 4      │ 2.92    │ 0.45    │ 1       │
├───────────┼─────────┼─────────┼─────────┼────────┼─────────┼─────────┼─────────┤
│ Bytes/Sec │ 28.3 kB │ 56.5 kB │ 84.8 kB │ 113 kB │ 82.4 kB │ 12.5 kB │ 28.3 kB │
└───────────┴─────────┴─────────┴─────────┴────────┴─────────┴─────────┴─────────┘

Req/Bytes counts sampled once per second.
# of samples: 300

┌────────────┬──────────────┐
│ Percentile │ Latency (ms) │
├────────────┼──────────────┤
│ 0.001      │ 1            │
├────────────┼──────────────┤
│ 0.01       │ 1            │
├────────────┼──────────────┤
│ 0.1        │ 3            │
├────────────┼──────────────┤
│ 1          │ 21           │
├────────────┼──────────────┤
│ 2.5        │ 52           │
├────────────┼──────────────┤
│ 10         │ 205          │
├────────────┼──────────────┤
│ 25         │ 512          │
├────────────┼──────────────┤
│ 50         │ 1024         │
├────────────┼──────────────┤
│ 75         │ 1536         │
├────────────┼──────────────┤
│ 90         │ 1843         │
├────────────┼──────────────┤
│ 97.5       │ 1999         │
├────────────┼──────────────┤
│ 99         │ 2039         │
├────────────┼──────────────┤
│ 99.9       │ 2100         │
├────────────┼──────────────┤
│ 99.99      │ 2151         │
├────────────┼──────────────┤
│ 99.999     │ 2182         │
└────────────┴──────────────┘

887 requests in 300.47s, 24.7 MB read

Memory usage (after load test): 1024MB
Memory increase during load test: +819MB

