Go PDF Service Headers:
=======================
HTTP/1.1 200 OK
Content-Length: 28005
Content-Type: application/pdf
X-Browser-Product: 1.3
X-Browser-Protocolversion: Chrome/141.0.7378.4
X-Browser-Revision: @e6c0fee546ab31f9b21af777cb3083143551ab0f
Date: Sun, 31 Aug 2025 19:13:19 GMT



Performance Metrics:
===================
Container image size: 360MB
Average startup time: 233ms (10 iterations)
Memory usage (before load test): 205MB
Memory usage (after single PDF): 208MB
Memory increase from single PDF: +3MB


Load Test Results:
==================
Running 300s test @ http://127.0.0.1:5011/pdf
3 connections with 3 pipelining factor


┌─────────┬───────┬─────────┬─────────┬─────────┬────────────┬───────────┬─────────┐
│ Stat    │ 2.5%  │ 50%     │ 97.5%   │ 99%     │ Avg        │ Stdev     │ Max     │
├─────────┼───────┼─────────┼─────────┼─────────┼────────────┼───────────┼─────────┤
│ Latency │ 86 ms │ 1708 ms │ 3344 ms │ 3397 ms │ 1711.01 ms │ 989.81 ms │ 3851 ms │
└─────────┴───────┴─────────┴─────────┴─────────┴────────────┴───────────┴─────────┘
┌───────────┬─────┬──────┬─────────┬─────────┬─────────┬─────────┬─────────┐
│ Stat      │ 1%  │ 2.5% │ 50%     │ 97.5%   │ Avg     │ Stdev   │ Min     │
├───────────┼─────┼──────┼─────────┼─────────┼─────────┼─────────┼─────────┤
│ Req/Sec   │ 0   │ 0    │ 2       │ 3       │ 1.75    │ 1.12    │ 1       │
├───────────┼─────┼──────┼─────────┼─────────┼─────────┼─────────┼─────────┤
│ Bytes/Sec │ 0 B │ 0 B  │ 56.5 kB │ 84.8 kB │ 49.3 kB │ 31.4 kB │ 28.3 kB │
└───────────┴─────┴──────┴─────────┴─────────┴─────────┴─────────┴─────────┘

Req/Bytes counts sampled once per second.
# of samples: 300

┌────────────┬──────────────┐
│ Percentile │ Latency (ms) │
├────────────┼──────────────┤
│ 0.001      │ 1            │
├────────────┼──────────────┤
│ 0.01       │ 1            │
├────────────┼──────────────┤
│ 0.1        │ 4            │
├────────────┼──────────────┤
│ 1          │ 35           │
├────────────┼──────────────┤
│ 2.5        │ 86           │
├────────────┼──────────────┤
│ 10         │ 342          │
├────────────┼──────────────┤
│ 25         │ 854          │
├────────────┼──────────────┤
│ 50         │ 1708         │
├────────────┼──────────────┤
│ 75         │ 2566         │
├────────────┼──────────────┤
│ 90         │ 3084         │
├────────────┼──────────────┤
│ 97.5       │ 3344         │
├────────────┼──────────────┤
│ 99         │ 3397         │
├────────────┼──────────────┤
│ 99.9       │ 3476         │
├────────────┼──────────────┤
│ 99.99      │ 3673         │
├────────────┼──────────────┤
│ 99.999     │ 3834         │
└────────────┴──────────────┘

536 requests in 300.71s, 14.8 MB read

Memory usage (after load test): 697MB
Memory increase during load test: +492MB

