Go PDF Service Headers:
=======================
HTTP/1.1 200 OK
Content-Length: 24727
Content-Type: application/pdf
X-Browser-Product: 1.3
X-Browser-Protocolversion: Chrome/117.0.5938.92
X-Browser-Revision: @67649b10b92bb182fba357831ef7dd6a1baa5648
Date: Sun, 31 Aug 2025 17:26:28 GMT



Performance Metrics:
===================
Container image size: 884MB
Average startup time: 230ms (10 iterations)
Memory usage (before load test): 434MB
Memory usage (after single PDF): 621MB
Memory increase from single PDF: +187MB


Load Test Results:
==================
Running 300s test @ http://127.0.0.1:5011/pdf
3 connections with 3 pipelining factor


┌─────────┬───────┬─────────┬─────────┬─────────┬────────────┬──────────┬─────────┐
│ Stat    │ 2.5%  │ 50%     │ 97.5%   │ 99%     │ Avg        │ Stdev    │ Max     │
├─────────┼───────┼─────────┼─────────┼─────────┼────────────┼──────────┼─────────┤
│ Latency │ 58 ms │ 1155 ms │ 2255 ms │ 2296 ms │ 1155.83 ms │ 668.1 ms │ 2885 ms │
└─────────┴───────┴─────────┴─────────┴─────────┴────────────┴──────────┴─────────┘
┌───────────┬───────┬───────┬─────────┬─────────┬─────────┬─────────┬───────┐
│ Stat      │ 1%    │ 2.5%  │ 50%     │ 97.5%   │ Avg     │ Stdev   │ Min   │
├───────────┼───────┼───────┼─────────┼─────────┼─────────┼─────────┼───────┤
│ Req/Sec   │ 1     │ 1     │ 3       │ 3       │ 2.56    │ 0.65    │ 1     │
├───────────┼───────┼───────┼─────────┼─────────┼─────────┼─────────┼───────┤
│ Bytes/Sec │ 25 kB │ 25 kB │ 74.9 kB │ 74.9 kB │ 63.8 kB │ 16.1 kB │ 25 kB │
└───────────┴───────┴───────┴─────────┴─────────┴─────────┴─────────┴───────┘

Req/Bytes counts sampled once per second.
# of samples: 300

┌────────────┬──────────────┐
│ Percentile │ Latency (ms) │
├────────────┼──────────────┤
│ 0.001      │ 1            │
├────────────┼──────────────┤
│ 0.01       │ 1            │
├────────────┼──────────────┤
│ 0.1        │ 3            │
├────────────┼──────────────┤
│ 1          │ 24           │
├────────────┼──────────────┤
│ 2.5        │ 58           │
├────────────┼──────────────┤
│ 10         │ 231          │
├────────────┼──────────────┤
│ 25         │ 578          │
├────────────┼──────────────┤
│ 50         │ 1155         │
├────────────┼──────────────┤
│ 75         │ 1733         │
├────────────┼──────────────┤
│ 90         │ 2080         │
├────────────┼──────────────┤
│ 97.5       │ 2255         │
├────────────┼──────────────┤
│ 99         │ 2296         │
├────────────┼──────────────┤
│ 99.9       │ 2428         │
├────────────┼──────────────┤
│ 99.99      │ 2815         │
├────────────┼──────────────┤
│ 99.999     │ 2869         │
└────────────┴──────────────┘

781 requests in 300.4s, 19.2 MB read
3 errors (3 timeouts)

Memory usage (after load test): 1024MB
Memory increase during load test: +590MB

