Browserless Container Headers:
==============================
HTTP/1.1 200 OK
X-Powered-By: Express
Content-Type: application/pdf
x-response-url: http://local.altinn.cloud/ttd/subform-test/
x-response-code: 200
x-response-status: OK
x-response-ip: 172.17.0.1
x-response-port: 80
Date: Sun, 31 Aug 2025 17:26:21 GMT
Connection: keep-alive
Keep-Alive: timeout=5
Content-Length: 24847



Performance Metrics:
===================
Container image size: 3072MB
Average startup time: 773ms (10 iterations)
Memory usage (before load test): 486MB
Memory usage (after single PDF): 464MB
Memory decrease from single PDF: -22MB


Load Test Results:
==================
Running 300s test @ http://127.0.0.1:5300/pdf
3 connections with 3 pipelining factor


┌─────────┬───────┬─────────┬─────────┬─────────┬────────────┬────────────┬─────────┐
│ Stat    │ 2.5%  │ 50%     │ 97.5%   │ 99%     │ Avg        │ Stdev      │ Max     │
├─────────┼───────┼─────────┼─────────┼─────────┼────────────┼────────────┼─────────┤
│ Latency │ 89 ms │ 1762 ms │ 4441 ms │ 4624 ms │ 1903.07 ms │ 1233.75 ms │ 5850 ms │
└─────────┴───────┴─────────┴─────────┴─────────┴────────────┴────────────┴─────────┘
┌───────────┬─────┬──────┬─────────┬────────┬─────────┬─────────┬─────────┐
│ Stat      │ 1%  │ 2.5% │ 50%     │ 97.5%  │ Avg     │ Stdev   │ Min     │
├───────────┼─────┼──────┼─────────┼────────┼─────────┼─────────┼─────────┤
│ Req/Sec   │ 0   │ 0    │ 1       │ 4      │ 1.66    │ 1.76    │ 1       │
├───────────┼─────┼──────┼─────────┼────────┼─────────┼─────────┼─────────┤
│ Bytes/Sec │ 0 B │ 0 B  │ 25.2 kB │ 101 kB │ 41.6 kB │ 44.1 kB │ 25.2 kB │
└───────────┴─────┴──────┴─────────┴────────┴─────────┴─────────┴─────────┘

Req/Bytes counts sampled once per second.
# of samples: 300

┌────────────┬──────────────┐
│ Percentile │ Latency (ms) │
├────────────┼──────────────┤
│ 0.001      │ 1            │
├────────────┼──────────────┤
│ 0.01       │ 1            │
├────────────┼──────────────┤
│ 0.1        │ 4            │
├────────────┼──────────────┤
│ 1          │ 36           │
├────────────┼──────────────┤
│ 2.5        │ 89           │
├────────────┼──────────────┤
│ 10         │ 353          │
├────────────┼──────────────┤
│ 25         │ 881          │
├────────────┼──────────────┤
│ 50         │ 1762         │
├────────────┼──────────────┤
│ 75         │ 2754         │
├────────────┼──────────────┤
│ 90         │ 3773         │
├────────────┼──────────────┤
│ 97.5       │ 4441         │
├────────────┼──────────────┤
│ 99         │ 4624         │
├────────────┼──────────────┤
│ 99.9       │ 4845         │
├────────────┼──────────────┤
│ 99.99      │ 5676         │
├────────────┼──────────────┤
│ 99.999     │ 5833         │
└────────────┴──────────────┘

508 requests in 300.94s, 12.5 MB read

Memory usage (after load test): 1024MB
Memory increase during load test: +538MB

