Rust PDF Service Headers:
=========================
HTTP/1.1 200 OK
content-type: application/pdf
content-length: 24800
x-browser-product: Chrome/117.0.5938.92
x-browser-revision: @67649b10b92bb182fba357831ef7dd6a1baa5648
x-browser-protocolversion: 1.3
date: Sun, 31 Aug 2025 17:26:24 GMT



Performance Metrics:
===================
Container image size: 889MB
Average startup time: 232ms (10 iterations)
Memory usage (before load test): 627MB
Memory usage (after single PDF): 669MB
Memory increase from single PDF: +42MB


Load Test Results:
==================
Running 300s test @ http://127.0.0.1:5010/pdf
3 connections with 3 pipelining factor


┌─────────┬───────┬─────────┬─────────┬─────────┬────────────┬───────────┬─────────┐
│ Stat    │ 2.5%  │ 50%     │ 97.5%   │ 99%     │ Avg        │ Stdev     │ Max     │
├─────────┼───────┼─────────┼─────────┼─────────┼────────────┼───────────┼─────────┤
│ Latency │ 74 ms │ 1474 ms │ 2879 ms │ 2924 ms │ 1475.35 ms │ 852.57 ms │ 3712 ms │
└─────────┴───────┴─────────┴─────────┴─────────┴────────────┴───────────┴─────────┘
┌───────────┬─────┬──────┬─────────┬─────────┬─────────┬─────────┬───────┐
│ Stat      │ 1%  │ 2.5% │ 50%     │ 97.5%   │ Avg     │ Stdev   │ Min   │
├───────────┼─────┼──────┼─────────┼─────────┼─────────┼─────────┼───────┤
│ Req/Sec   │ 0   │ 0    │ 3       │ 3       │ 2.03    │ 1.19    │ 1     │
├───────────┼─────┼──────┼─────────┼─────────┼─────────┼─────────┼───────┤
│ Bytes/Sec │ 0 B │ 0 B  │ 75.2 kB │ 75.2 kB │ 50.9 kB │ 29.6 kB │ 25 kB │
└───────────┴─────┴──────┴─────────┴─────────┴─────────┴─────────┴───────┘

Req/Bytes counts sampled once per second.
# of samples: 300

┌────────────┬──────────────┐
│ Percentile │ Latency (ms) │
├────────────┼──────────────┤
│ 0.001      │ 1            │
├────────────┼──────────────┤
│ 0.01       │ 1            │
├────────────┼──────────────┤
│ 0.1        │ 3            │
├────────────┼──────────────┤
│ 1          │ 30           │
├────────────┼──────────────┤
│ 2.5        │ 74           │
├────────────┼──────────────┤
│ 10         │ 295          │
├────────────┼──────────────┤
│ 25         │ 737          │
├────────────┼──────────────┤
│ 50         │ 1474         │
├────────────┼──────────────┤
│ 75         │ 2212         │
├────────────┼──────────────┤
│ 90         │ 2656         │
├────────────┼──────────────┤
│ 97.5       │ 2879         │
├────────────┼──────────────┤
│ 99         │ 2924         │
├────────────┼──────────────┤
│ 99.9       │ 3004         │
├────────────┼──────────────┤
│ 99.99      │ 3533         │
├────────────┼──────────────┤
│ 99.999     │ 3695         │
└────────────┴──────────────┘

621 requests in 300.72s, 15.3 MB read

Memory usage (after load test): 972MB
Memory increase during load test: +345MB

