Go PDF Service Headers:
=======================
HTTP/1.1 200 OK
Content-Length: 28005
Content-Type: application/pdf
X-Browser-Product: 1.3
X-Browser-Protocolversion: Chrome/141.0.7378.4
X-Browser-Revision: @e6c0fee546ab31f9b21af777cb3083143551ab0f
Date: Sun, 31 Aug 2025 19:29:49 GMT



Performance Metrics:
===================
Container image size: 360MB
Average startup time: 236ms (10 iterations)
Memory usage (before load test): 207MB
Memory usage (after single PDF): 385MB
Memory increase from single PDF: +178MB


Load Test Results:
==================
Running 300s test @ http://127.0.0.1:5011/pdf
3 connections with 3 pipelining factor


┌─────────┬───────┬─────────┬─────────┬─────────┬────────────┬───────────┬─────────┐
│ Stat    │ 2.5%  │ 50%     │ 97.5%   │ 99%     │ Avg        │ Stdev     │ Max     │
├─────────┼───────┼─────────┼─────────┼─────────┼────────────┼───────────┼─────────┤
│ Latency │ 52 ms │ 1029 ms │ 2008 ms │ 2049 ms │ 1029.31 ms │ 594.51 ms │ 2232 ms │
└─────────┴───────┴─────────┴─────────┴─────────┴────────────┴───────────┴─────────┘
┌───────────┬─────────┬─────────┬─────────┬─────────┬─────────┬─────────┬─────────┐
│ Stat      │ 1%      │ 2.5%    │ 50%     │ 97.5%   │ Avg     │ Stdev   │ Min     │
├───────────┼─────────┼─────────┼─────────┼─────────┼─────────┼─────────┼─────────┤
│ Req/Sec   │ 2       │ 2       │ 3       │ 3       │ 2.91    │ 0.35    │ 1       │
├───────────┼─────────┼─────────┼─────────┼─────────┼─────────┼─────────┼─────────┤
│ Bytes/Sec │ 56.5 kB │ 56.5 kB │ 84.8 kB │ 84.8 kB │ 82.1 kB │ 9.71 kB │ 28.3 kB │
└───────────┴─────────┴─────────┴─────────┴─────────┴─────────┴─────────┴─────────┘

Req/Bytes counts sampled once per second.
# of samples: 300

┌────────────┬──────────────┐
│ Percentile │ Latency (ms) │
├────────────┼──────────────┤
│ 0.001      │ 1            │
├────────────┼──────────────┤
│ 0.01       │ 1            │
├────────────┼──────────────┤
│ 0.1        │ 3            │
├────────────┼──────────────┤
│ 1          │ 21           │
├────────────┼──────────────┤
│ 2.5        │ 52           │
├────────────┼──────────────┤
│ 10         │ 206          │
├────────────┼──────────────┤
│ 25         │ 515          │
├────────────┼──────────────┤
│ 50         │ 1029         │
├────────────┼──────────────┤
│ 75         │ 1543         │
├────────────┼──────────────┤
│ 90         │ 1852         │
├────────────┼──────────────┤
│ 97.5       │ 2008         │
├────────────┼──────────────┤
│ 99         │ 2049         │
├────────────┼──────────────┤
│ 99.9       │ 2123         │
├────────────┼──────────────┤
│ 99.99      │ 2179         │
├────────────┼──────────────┤
│ 99.999     │ 2220         │
└────────────┴──────────────┘

884 requests in 300.4s, 24.6 MB read

Memory usage (after load test): 1024MB
Memory increase during load test: +817MB

