Go PDF Service (gorod) Headers:
===============================
HTTP/1.1 200 OK
Content-Length: 48859
Content-Type: application/pdf
X-Browser-Product: Chrome/141.0.7378.4
X-Browser-Protocolversion: 1.3
X-Browser-Revision: @e6c0fee546ab31f9b21af777cb3083143551ab0f
Date: Tue, 02 Sep 2025 10:20:44 GMT



Performance Metrics:
===================
Container image size: 366MB
Average startup time: 251ms (10 iterations)
Memory usage (before load test): 234MB
Memory usage (after single PDF): 439MB
Memory increase from single PDF: +205MB


Load Test Results:
==================
Running 300s test @ http://127.0.0.1:5012/pdf
3 connections with 3 pipelining factor


┌─────────┬───────┬─────────┬─────────┬─────────┬────────────┬───────────┬─────────┐
│ Stat    │ 2.5%  │ 50%     │ 97.5%   │ 99%     │ Avg        │ Stdev     │ Max     │
├─────────┼───────┼─────────┼─────────┼─────────┼────────────┼───────────┼─────────┤
│ Latency │ 77 ms │ 1526 ms │ 2991 ms │ 3070 ms │ 1528.28 ms │ 884.42 ms │ 4009 ms │
└─────────┴───────┴─────────┴─────────┴─────────┴────────────┴───────────┴─────────┘
┌───────────┬─────┬──────┬─────────┬────────┬─────────┬─────────┬─────────┐
│ Stat      │ 1%  │ 2.5% │ 50%     │ 97.5%  │ Avg     │ Stdev   │ Min     │
├───────────┼─────┼──────┼─────────┼────────┼─────────┼─────────┼─────────┤
│ Req/Sec   │ 0   │ 0    │ 2       │ 3      │ 1.96    │ 1.01    │ 1       │
├───────────┼─────┼──────┼─────────┼────────┼─────────┼─────────┼─────────┤
│ Bytes/Sec │ 0 B │ 0 B  │ 98.2 kB │ 147 kB │ 96.1 kB │ 49.3 kB │ 49.1 kB │
└───────────┴─────┴──────┴─────────┴────────┴─────────┴─────────┴─────────┘

Req/Bytes counts sampled once per second.
# of samples: 300

┌────────────┬──────────────┐
│ Percentile │ Latency (ms) │
├────────────┼──────────────┤
│ 0.001      │ 1            │
├────────────┼──────────────┤
│ 0.01       │ 1            │
├────────────┼──────────────┤
│ 0.1        │ 4            │
├────────────┼──────────────┤
│ 1          │ 31           │
├────────────┼──────────────┤
│ 2.5        │ 77           │
├────────────┼──────────────┤
│ 10         │ 306          │
├────────────┼──────────────┤
│ 25         │ 763          │
├────────────┼──────────────┤
│ 50         │ 1526         │
├────────────┼──────────────┤
│ 75         │ 2289         │
├────────────┼──────────────┤
│ 90         │ 2747         │
├────────────┼──────────────┤
│ 97.5       │ 2991         │
├────────────┼──────────────┤
│ 99         │ 3070         │
├────────────┼──────────────┤
│ 99.9       │ 3281         │
├────────────┼──────────────┤
│ 99.99      │ 3830         │
├────────────┼──────────────┤
│ 99.999     │ 3992         │
└────────────┴──────────────┘

599 requests in 300.58s, 28.8 MB read

Memory usage (after load test): 1024MB
Memory increase during load test: +790MB

