Go PDF Service (chromedp) Headers:
==================================
HTTP/1.1 200 OK
Content-Length: 48859
Content-Type: application/pdf
X-Browser-Product: 1.3
X-Browser-Protocolversion: Chrome/141.0.7378.4
X-Browser-Revision: @e6c0fee546ab31f9b21af777cb3083143551ab0f
Date: Tue, 02 Sep 2025 10:20:48 GMT



Performance Metrics:
===================
Container image size: 366MB
Average startup time: 241ms (10 iterations)
Memory usage (before load test): 202MB
Memory usage (after single PDF): 385MB
Memory increase from single PDF: +183MB


Load Test Results:
==================
Running 300s test @ http://127.0.0.1:5011/pdf
3 connections with 3 pipelining factor


┌─────────┬───────┬─────────┬─────────┬─────────┬────────────┬───────────┬─────────┐
│ Stat    │ 2.5%  │ 50%     │ 97.5%   │ 99%     │ Avg        │ Stdev     │ Max     │
├─────────┼───────┼─────────┼─────────┼─────────┼────────────┼───────────┼─────────┤
│ Latency │ 61 ms │ 1220 ms │ 2382 ms │ 2421 ms │ 1220.69 ms │ 704.93 ms │ 2549 ms │
└─────────┴───────┴─────────┴─────────┴─────────┴────────────┴───────────┴─────────┘
┌───────────┬─────┬──────┬────────┬────────┬────────┬─────────┬─────────┐
│ Stat      │ 1%  │ 2.5% │ 50%    │ 97.5%  │ Avg    │ Stdev   │ Min     │
├───────────┼─────┼──────┼────────┼────────┼────────┼─────────┼─────────┤
│ Req/Sec   │ 0   │ 0    │ 3      │ 3      │ 2.46   │ 0.85    │ 1       │
├───────────┼─────┼──────┼────────┼────────┼────────┼─────────┼─────────┤
│ Bytes/Sec │ 0 B │ 0 B  │ 147 kB │ 147 kB │ 120 kB │ 41.5 kB │ 49.1 kB │
└───────────┴─────┴──────┴────────┴────────┴────────┴─────────┴─────────┘

Req/Bytes counts sampled once per second.
# of samples: 300

┌────────────┬──────────────┐
│ Percentile │ Latency (ms) │
├────────────┼──────────────┤
│ 0.001      │ 1            │
├────────────┼──────────────┤
│ 0.01       │ 1            │
├────────────┼──────────────┤
│ 0.1        │ 3            │
├────────────┼──────────────┤
│ 1          │ 25           │
├────────────┼──────────────┤
│ 2.5        │ 61           │
├────────────┼──────────────┤
│ 10         │ 244          │
├────────────┼──────────────┤
│ 25         │ 610          │
├────────────┼──────────────┤
│ 50         │ 1220         │
├────────────┼──────────────┤
│ 75         │ 1830         │
├────────────┼──────────────┤
│ 90         │ 2197         │
├────────────┼──────────────┤
│ 97.5       │ 2382         │
├────────────┼──────────────┤
│ 99         │ 2421         │
├────────────┼──────────────┤
│ 99.9       │ 2469         │
├────────────┼──────────────┤
│ 99.99      │ 2516         │
├────────────┼──────────────┤
│ 99.999     │ 2541         │
└────────────┴──────────────┘

747 requests in 300.62s, 36.1 MB read

Memory usage (after load test): 1024MB
Memory increase during load test: +822MB

